Using pre-set license
Built from '2021.3/staging' branch; Version is '2021.3.9f1 (ad3870b89536) revision 11352176'; Using compiler version '192829333'; Build Type 'Release'
OS: 'Windows 10  (10.0.19045) 64bit Professional' Language: 'ko' Physical Memory: 32688 MB
BatchMode: 1, IsHumanControllingUs: 0, StartBugReporterOnCrash: 0, Is64bit: 1, IsPro: 1

COMMAND LINE ARGUMENTS:
C:\Program Files\Unity\Hub\Editor\2021.3.9f1\Editor\Unity.exe
-adb2
-batchMode
-noUpm
-name
AssetImportWorker3
-projectPath
D:/DOWNROADS/capstone1102
-logFile
Logs/AssetImportWorker3.log
-srvPort
1281
Successfully changed project path to: D:/DOWNROADS/capstone1102
D:/DOWNROADS/capstone1102
[UnityMemory] Configuration Parameters - Can be set up in boot.config
    "memorysetup-bucket-allocator-granularity=16"
    "memorysetup-bucket-allocator-bucket-count=8"
    "memorysetup-bucket-allocator-block-size=33554432"
    "memorysetup-bucket-allocator-block-count=8"
    "memorysetup-main-allocator-block-size=16777216"
    "memorysetup-thread-allocator-block-size=16777216"
    "memorysetup-gfx-main-allocator-block-size=16777216"
    "memorysetup-gfx-thread-allocator-block-size=16777216"
    "memorysetup-cache-allocator-block-size=4194304"
    "memorysetup-typetree-allocator-block-size=2097152"
    "memorysetup-profiler-bucket-allocator-granularity=16"
    "memorysetup-profiler-bucket-allocator-bucket-count=8"
    "memorysetup-profiler-bucket-allocator-block-size=33554432"
    "memorysetup-profiler-bucket-allocator-block-count=8"
    "memorysetup-profiler-allocator-block-size=16777216"
    "memorysetup-profiler-editor-allocator-block-size=1048576"
    "memorysetup-temp-allocator-size-main=16777216"
    "memorysetup-job-temp-allocator-block-size=2097152"
    "memorysetup-job-temp-allocator-block-size-background=1048576"
    "memorysetup-job-temp-allocator-reduction-small-platforms=262144"
    "memorysetup-temp-allocator-size-background-worker=32768"
    "memorysetup-temp-allocator-size-job-worker=262144"
    "memorysetup-temp-allocator-size-preload-manager=33554432"
    "memorysetup-temp-allocator-size-nav-mesh-worker=65536"
    "memorysetup-temp-allocator-size-audio-worker=65536"
    "memorysetup-temp-allocator-size-cloud-worker=32768"
    "memorysetup-temp-allocator-size-gi-baking-worker=262144"
    "memorysetup-temp-allocator-size-gfx=262144"
Refreshing native plugins compatible for Editor in 73.65 ms, found 3 plugins.
Preloading 0 native plugins for Editor in 0.00 ms.
Initialize engine version: 2021.3.9f1 (ad3870b89536)
[Subsystems] Discovering subsystems at path C:/Program Files/Unity/Hub/Editor/2021.3.9f1/Editor/Data/Resources/UnitySubsystems
[Subsystems] Discovering subsystems at path D:/DOWNROADS/capstone1102/Assets
GfxDevice: creating device client; threaded=0; jobified=0
Direct3D:
    Version:  Direct3D 11.0 [level 11.1]
    Renderer: NVIDIA GeForce GTX 1660 SUPER (ID=0x21c4)
    Vendor:   NVIDIA
    VRAM:     5992 MB
    Driver:   31.0.15.1659
Initialize mono
Mono path[0] = 'C:/Program Files/Unity/Hub/Editor/2021.3.9f1/Editor/Data/Managed'
Mono path[1] = 'C:/Program Files/Unity/Hub/Editor/2021.3.9f1/Editor/Data/MonoBleedingEdge/lib/mono/unityjit-win32'
Mono config path = 'C:/Program Files/Unity/Hub/Editor/2021.3.9f1/Editor/Data/MonoBleedingEdge/etc'
Using monoOptions --debugger-agent=transport=dt_socket,embedding=1,server=y,suspend=n,address=127.0.0.1:56040
Begin MonoManager ReloadAssembly
Registering precompiled unity dll's ...
Register platform support module: C:/Program Files/Unity/Hub/Editor/2021.3.9f1/Editor/Data/PlaybackEngines/WebGLSupport/UnityEditor.WebGL.Extensions.dll
Register platform support module: C:/Program Files/Unity/Hub/Editor/2021.3.9f1/Editor/Data/PlaybackEngines/WindowsStandaloneSupport/UnityEditor.WindowsStandalone.Extensions.dll
Registered in 0.013803 seconds.
Native extension for WindowsStandalone target not found
Native extension for WebGL target not found
Refreshing native plugins compatible for Editor in 67.14 ms, found 3 plugins.
Preloading 0 native plugins for Editor in 0.00 ms.
Mono: successfully reloaded assembly
- Completed reload, in  0.595 seconds
Domain Reload Profiling:
	ReloadAssembly (595ms)
		BeginReloadAssembly (88ms)
			ExecutionOrderSort (0ms)
			DisableScriptedObjects (0ms)
			BackupInstance (0ms)
			ReleaseScriptingObjects (0ms)
			CreateAndSetChildDomain (1ms)
		EndReloadAssembly (391ms)
			LoadAssemblies (85ms)
			RebuildTransferFunctionScriptingTraits (0ms)
			SetupTypeCache (92ms)
			ReleaseScriptCaches (0ms)
			RebuildScriptCaches (24ms)
			SetupLoadedEditorAssemblies (228ms)
				LogAssemblyErrors (0ms)
				InitializePlatformSupportModulesInManaged (10ms)
				SetLoadedEditorAssemblies (0ms)
				RefreshPlugins (67ms)
				BeforeProcessingInitializeOnLoad (1ms)
				ProcessInitializeOnLoadAttributes (104ms)
				ProcessInitializeOnLoadMethodAttributes (45ms)
				AfterProcessingInitializeOnLoad (0ms)
				EditorAssembliesLoaded (0ms)
			ExecutionOrderSort2 (0ms)
			AwakeInstancesAfterBackupRestoration (0ms)
Platform modules already initialized, skipping
Registering precompiled user dll's ...
Registered in 0.005336 seconds.
Begin MonoManager ReloadAssembly
Symbol file LoadedFromMemory doesn't match image D:\DOWNROADS\capstone1102\Library\PackageCache\com.unity.visualscripting@1.7.8\Editor\VisualScripting.Core\Dependencies\YamlDotNet\Unity.VisualScripting.YamlDotNet.dll
Symbol file LoadedFromMemory doesn't match image D:\DOWNROADS\capstone1102\Library\PackageCache\com.unity.visualscripting@1.7.8\Editor\VisualScripting.Core\Dependencies\DotNetZip\Unity.VisualScripting.IonicZip.dll
Native extension for WindowsStandalone target not found
Native extension for WebGL target not found
Refreshing native plugins compatible for Editor in 0.54 ms, found 3 plugins.
Preloading 0 native plugins for Editor in 0.00 ms.
Mono: successfully reloaded assembly
- Completed reload, in  0.939 seconds
Domain Reload Profiling:
	ReloadAssembly (940ms)
		BeginReloadAssembly (119ms)
			ExecutionOrderSort (0ms)
			DisableScriptedObjects (5ms)
			BackupInstance (0ms)
			ReleaseScriptingObjects (0ms)
			CreateAndSetChildDomain (16ms)
		EndReloadAssembly (707ms)
			LoadAssemblies (97ms)
			RebuildTransferFunctionScriptingTraits (0ms)
			SetupTypeCache (227ms)
			ReleaseScriptCaches (1ms)
			RebuildScriptCaches (42ms)
			SetupLoadedEditorAssemblies (321ms)
				LogAssemblyErrors (0ms)
				InitializePlatformSupportModulesInManaged (9ms)
				SetLoadedEditorAssemblies (0ms)
				RefreshPlugins (1ms)
				BeforeProcessingInitializeOnLoad (77ms)
				ProcessInitializeOnLoadAttributes (196ms)
				ProcessInitializeOnLoadMethodAttributes (24ms)
				AfterProcessingInitializeOnLoad (14ms)
				EditorAssembliesLoaded (0ms)
			ExecutionOrderSort2 (0ms)
			AwakeInstancesAfterBackupRestoration (12ms)
Platform modules already initialized, skipping
========================================================================
Worker process is ready to serve import requests
Launched and connected shader compiler UnityShaderCompiler.exe after 0.05 seconds
Refreshing native plugins compatible for Editor in 0.50 ms, found 3 plugins.
Preloading 0 native plugins for Editor in 0.00 ms.
Unloading 3386 Unused Serialized files (Serialized files now loaded: 0)
Unloading 27 unused Assets / (111.4 KB). Loaded Objects now: 3845.
Memory consumption went from 121.3 MB to 121.2 MB.
Total: 2.466500 ms (FindLiveObjects: 0.248700 ms CreateObjectMapping: 0.181500 ms MarkObjects: 1.949000 ms  DeleteObjects: 0.086600 ms)

AssetImportParameters requested are different than current active one (requested -> active):
  custom:video-decoder-ogg-theora: a1e56fd34408186e4bbccfd4996cb3dc -> 
  custom:container-muxer-webm: aa71ff27fc2769a1b78a27578f13a17b -> 
  custom:container-demuxer-webm: 4f35f7cbe854078d1ac9338744f61a02 -> 
  custom:video-encoder-webm-vp8: eb34c28f22e8b96e1ab97ce403110664 -> 
  custom:video-codec-MediaFoundation-h265: e54d7ab0439102e2317fc1e4b246158d -> 
  custom:audio-encoder-webm-vorbis: bf7c407c2cedff20999df2af8eb42d56 -> 
  custom:framework-win-MediaFoundation: 216162199b28c13a410421893ffa2e32 -> 
  custom:container-demuxer-ogg: 62fdf1f143b41e24485cea50d1cbac27 -> 
  custom:video-decoder-webm-vp8: 9c59270c3fd7afecdb556c50c9e8de78 -> 
  custom:audio-decoder-ogg-vorbis: bf7c407c2cedff20999df2af8eb42d56 -> 
========================================================================
Received Prepare
Registering precompiled user dll's ...
Registered in 0.005571 seconds.
Begin MonoManager ReloadAssembly
Symbol file LoadedFromMemory doesn't match image D:\DOWNROADS\capstone1102\Library\PackageCache\com.unity.visualscripting@1.7.8\Editor\VisualScripting.Core\Dependencies\YamlDotNet\Unity.VisualScripting.YamlDotNet.dll
Symbol file LoadedFromMemory doesn't match image D:\DOWNROADS\capstone1102\Library\PackageCache\com.unity.visualscripting@1.7.8\Editor\VisualScripting.Core\Dependencies\DotNetZip\Unity.VisualScripting.IonicZip.dll
Native extension for WindowsStandalone target not found
Native extension for WebGL target not found
Refreshing native plugins compatible for Editor in 0.71 ms, found 3 plugins.
Preloading 0 native plugins for Editor in 0.00 ms.
Mono: successfully reloaded assembly
- Completed reload, in  1.042 seconds
Domain Reload Profiling:
	ReloadAssembly (1043ms)
		BeginReloadAssembly (149ms)
			ExecutionOrderSort (0ms)
			DisableScriptedObjects (5ms)
			BackupInstance (0ms)
			ReleaseScriptingObjects (0ms)
			CreateAndSetChildDomain (31ms)
		EndReloadAssembly (789ms)
			LoadAssemblies (116ms)
			RebuildTransferFunctionScriptingTraits (0ms)
			SetupTypeCache (272ms)
			ReleaseScriptCaches (1ms)
			RebuildScriptCaches (40ms)
			SetupLoadedEditorAssemblies (330ms)
				LogAssemblyErrors (0ms)
				InitializePlatformSupportModulesInManaged (19ms)
				SetLoadedEditorAssemblies (0ms)
				RefreshPlugins (1ms)
				BeforeProcessingInitializeOnLoad (72ms)
				ProcessInitializeOnLoadAttributes (194ms)
				ProcessInitializeOnLoadMethodAttributes (27ms)
				AfterProcessingInitializeOnLoad (17ms)
				EditorAssembliesLoaded (0ms)
			ExecutionOrderSort2 (0ms)
			AwakeInstancesAfterBackupRestoration (14ms)
Platform modules already initialized, skipping
Refreshing native plugins compatible for Editor in 1.70 ms, found 3 plugins.
Preloading 0 native plugins for Editor in 0.00 ms.
Unloading 3381 Unused Serialized files (Serialized files now loaded: 0)
Unloading 20 unused Assets / (78.4 KB). Loaded Objects now: 3848.
Memory consumption went from 121.2 MB to 121.2 MB.
Total: 2.387900 ms (FindLiveObjects: 0.245900 ms CreateObjectMapping: 0.168900 ms MarkObjects: 1.901400 ms  DeleteObjects: 0.071100 ms)

AssetImportParameters requested are different than current active one (requested -> active):
  custom:video-decoder-ogg-theora: a1e56fd34408186e4bbccfd4996cb3dc -> 
  custom:container-muxer-webm: aa71ff27fc2769a1b78a27578f13a17b -> 
  custom:container-demuxer-webm: 4f35f7cbe854078d1ac9338744f61a02 -> 
  custom:video-encoder-webm-vp8: eb34c28f22e8b96e1ab97ce403110664 -> 
  custom:video-codec-MediaFoundation-h265: e54d7ab0439102e2317fc1e4b246158d -> 
  custom:audio-encoder-webm-vorbis: bf7c407c2cedff20999df2af8eb42d56 -> 
  custom:framework-win-MediaFoundation: 216162199b28c13a410421893ffa2e32 -> 
  custom:container-demuxer-ogg: 62fdf1f143b41e24485cea50d1cbac27 -> 
  custom:video-decoder-webm-vp8: 9c59270c3fd7afecdb556c50c9e8de78 -> 
  custom:audio-decoder-ogg-vorbis: bf7c407c2cedff20999df2af8eb42d56 -> 
========================================================================
Received Prepare
Registering precompiled user dll's ...
Registered in 0.005640 seconds.
Begin MonoManager ReloadAssembly
Symbol file LoadedFromMemory doesn't match image D:\DOWNROADS\capstone1102\Library\PackageCache\com.unity.visualscripting@1.7.8\Editor\VisualScripting.Core\Dependencies\YamlDotNet\Unity.VisualScripting.YamlDotNet.dll
Symbol file LoadedFromMemory doesn't match image D:\DOWNROADS\capstone1102\Library\PackageCache\com.unity.visualscripting@1.7.8\Editor\VisualScripting.Core\Dependencies\DotNetZip\Unity.VisualScripting.IonicZip.dll
Native extension for WindowsStandalone target not found
Native extension for WebGL target not found
Refreshing native plugins compatible for Editor in 0.57 ms, found 3 plugins.
Preloading 0 native plugins for Editor in 0.00 ms.
Mono: successfully reloaded assembly
- Completed reload, in  1.045 seconds
Domain Reload Profiling:
	ReloadAssembly (1046ms)
		BeginReloadAssembly (150ms)
			ExecutionOrderSort (0ms)
			DisableScriptedObjects (5ms)
			BackupInstance (0ms)
			ReleaseScriptingObjects (0ms)
			CreateAndSetChildDomain (35ms)
		EndReloadAssembly (793ms)
			LoadAssemblies (115ms)
			RebuildTransferFunctionScriptingTraits (0ms)
			SetupTypeCache (275ms)
			ReleaseScriptCaches (1ms)
			RebuildScriptCaches (42ms)
			SetupLoadedEditorAssemblies (331ms)
				LogAssemblyErrors (0ms)
				InitializePlatformSupportModulesInManaged (18ms)
				SetLoadedEditorAssemblies (0ms)
				RefreshPlugins (1ms)
				BeforeProcessingInitializeOnLoad (70ms)
				ProcessInitializeOnLoadAttributes (198ms)
				ProcessInitializeOnLoadMethodAttributes (28ms)
				AfterProcessingInitializeOnLoad (17ms)
				EditorAssembliesLoaded (0ms)
			ExecutionOrderSort2 (0ms)
			AwakeInstancesAfterBackupRestoration (14ms)
Platform modules already initialized, skipping
Refreshing native plugins compatible for Editor in 2.13 ms, found 3 plugins.
Preloading 0 native plugins for Editor in 0.00 ms.
Unloading 3381 Unused Serialized files (Serialized files now loaded: 0)
Unloading 20 unused Assets / (78.4 KB). Loaded Objects now: 3851.
Memory consumption went from 121.3 MB to 121.2 MB.
Total: 2.398800 ms (FindLiveObjects: 0.268400 ms CreateObjectMapping: 0.170500 ms MarkObjects: 1.884700 ms  DeleteObjects: 0.074400 ms)

AssetImportParameters requested are different than current active one (requested -> active):
  custom:video-decoder-ogg-theora: a1e56fd34408186e4bbccfd4996cb3dc -> 
  custom:container-muxer-webm: aa71ff27fc2769a1b78a27578f13a17b -> 
  custom:container-demuxer-webm: 4f35f7cbe854078d1ac9338744f61a02 -> 
  custom:video-encoder-webm-vp8: eb34c28f22e8b96e1ab97ce403110664 -> 
  custom:video-codec-MediaFoundation-h265: e54d7ab0439102e2317fc1e4b246158d -> 
  custom:audio-encoder-webm-vorbis: bf7c407c2cedff20999df2af8eb42d56 -> 
  custom:framework-win-MediaFoundation: 216162199b28c13a410421893ffa2e32 -> 
  custom:container-demuxer-ogg: 62fdf1f143b41e24485cea50d1cbac27 -> 
  custom:video-decoder-webm-vp8: 9c59270c3fd7afecdb556c50c9e8de78 -> 
  custom:audio-decoder-ogg-vorbis: bf7c407c2cedff20999df2af8eb42d56 -> 
========================================================================
Received Import Request.
  Time since last request: 11504.399617 seconds.
  path: Assets/Voxel Dungeon/prefabs/_particles/VFX/fire.mat
  artifactKey: Guid(6f011371d6a54ac4fa50319d7c99c6a2) Importer(815301076,1909f56bfc062723c751e8b465ee728b)
Start importing Assets/Voxel Dungeon/prefabs/_particles/VFX/fire.mat using Guid(6f011371d6a54ac4fa50319d7c99c6a2) Importer(815301076,1909f56bfc062723c751e8b465ee728b)  -> (artifact id: '1fc74598f8aa3374b5d4a36169b377df') in 0.128489 seconds 
========================================================================
Received Import Request.
  Time since last request: 0.000021 seconds.
  path: Assets/Voxel Dungeon/prefabs/_particles/VFX/torch_flame.prefab
  artifactKey: Guid(c9041220b49d22e4c855d7cbce1a47bd) Importer(815301076,1909f56bfc062723c751e8b465ee728b)
Start importing Assets/Voxel Dungeon/prefabs/_particles/VFX/torch_flame.prefab using Guid(c9041220b49d22e4c855d7cbce1a47bd) Importer(815301076,1909f56bfc062723c751e8b465ee728b)  -> (artifact id: '37ef4beaaff76c7199de55203a7d59c9') in 0.028759 seconds 
========================================================================
Received Prepare
Registering precompiled user dll's ...
Registered in 0.005421 seconds.
Begin MonoManager ReloadAssembly
Symbol file LoadedFromMemory doesn't match image D:\DOWNROADS\capstone1102\Library\PackageCache\com.unity.visualscripting@1.7.8\Editor\VisualScripting.Core\Dependencies\YamlDotNet\Unity.VisualScripting.YamlDotNet.dll
Symbol file LoadedFromMemory doesn't match image D:\DOWNROADS\capstone1102\Library\PackageCache\com.unity.visualscripting@1.7.8\Editor\VisualScripting.Core\Dependencies\DotNetZip\Unity.VisualScripting.IonicZip.dll
Native extension for WindowsStandalone target not found
Native extension for WebGL target not found
Refreshing native plugins compatible for Editor in 0.59 ms, found 3 plugins.
Preloading 0 native plugins for Editor in 0.00 ms.
Mono: successfully reloaded assembly
- Completed reload, in  1.045 seconds
Domain Reload Profiling:
	ReloadAssembly (1045ms)
		BeginReloadAssembly (155ms)
			ExecutionOrderSort (0ms)
			DisableScriptedObjects (4ms)
			BackupInstance (0ms)
			ReleaseScriptingObjects (0ms)
			CreateAndSetChildDomain (33ms)
		EndReloadAssembly (778ms)
			LoadAssemblies (124ms)
			RebuildTransferFunctionScriptingTraits (0ms)
			SetupTypeCache (262ms)
			ReleaseScriptCaches (1ms)
			RebuildScriptCaches (40ms)
			SetupLoadedEditorAssemblies (330ms)
				LogAssemblyErrors (0ms)
				InitializePlatformSupportModulesInManaged (18ms)
				SetLoadedEditorAssemblies (0ms)
				RefreshPlugins (1ms)
				BeforeProcessingInitializeOnLoad (67ms)
				ProcessInitializeOnLoadAttributes (197ms)
				ProcessInitializeOnLoadMethodAttributes (29ms)
				AfterProcessingInitializeOnLoad (18ms)
				EditorAssembliesLoaded (0ms)
			ExecutionOrderSort2 (0ms)
			AwakeInstancesAfterBackupRestoration (16ms)
Platform modules already initialized, skipping
Refreshing native plugins compatible for Editor in 1.84 ms, found 3 plugins.
Preloading 0 native plugins for Editor in 0.00 ms.
Unloading 3381 Unused Serialized files (Serialized files now loaded: 0)
Unloading 20 unused Assets / (78.6 KB). Loaded Objects now: 3894.
Memory consumption went from 125.8 MB to 125.8 MB.
Total: 2.381600 ms (FindLiveObjects: 0.268800 ms CreateObjectMapping: 0.173800 ms MarkObjects: 1.873900 ms  DeleteObjects: 0.064300 ms)

AssetImportParameters requested are different than current active one (requested -> active):
  custom:video-decoder-ogg-theora: a1e56fd34408186e4bbccfd4996cb3dc -> 
  custom:container-muxer-webm: aa71ff27fc2769a1b78a27578f13a17b -> 
  custom:container-demuxer-webm: 4f35f7cbe854078d1ac9338744f61a02 -> 
  custom:video-encoder-webm-vp8: eb34c28f22e8b96e1ab97ce403110664 -> 
  custom:video-codec-MediaFoundation-h265: e54d7ab0439102e2317fc1e4b246158d -> 
  custom:audio-encoder-webm-vorbis: bf7c407c2cedff20999df2af8eb42d56 -> 
  custom:framework-win-MediaFoundation: 216162199b28c13a410421893ffa2e32 -> 
  custom:container-demuxer-ogg: 62fdf1f143b41e24485cea50d1cbac27 -> 
  custom:video-decoder-webm-vp8: 9c59270c3fd7afecdb556c50c9e8de78 -> 
  custom:audio-decoder-ogg-vorbis: bf7c407c2cedff20999df2af8eb42d56 -> 
========================================================================
Received Import Request.
  Time since last request: 43.659661 seconds.
  path: Assets/Voxel Dungeon/prefabs/torches&braziers/torch_1_empty.prefab
  artifactKey: Guid(1ffb608e6be6f574cb2a65001f797c4c) Importer(815301076,1909f56bfc062723c751e8b465ee728b)
Start importing Assets/Voxel Dungeon/prefabs/torches&braziers/torch_1_empty.prefab using Guid(1ffb608e6be6f574cb2a65001f797c4c) Importer(815301076,1909f56bfc062723c751e8b465ee728b)  -> (artifact id: 'f7d95b67cd4fb27555c01772c6964efb') in 0.063366 seconds 
========================================================================
Received Import Request.
  Time since last request: 17.029162 seconds.
  path: Assets/Voxel Dungeon/prefabs/_base/brazier_1.prefab
  artifactKey: Guid(85f777b586e39f441846b8fee0cc7789) Importer(815301076,1909f56bfc062723c751e8b465ee728b)
Start importing Assets/Voxel Dungeon/prefabs/_base/brazier_1.prefab using Guid(85f777b586e39f441846b8fee0cc7789) Importer(815301076,1909f56bfc062723c751e8b465ee728b)  -> (artifact id: '3156efb1182cd12f0148df981be58658') in 0.012744 seconds 
========================================================================
Received Import Request.
  Time since last request: 0.000023 seconds.
  path: Assets/Voxel Dungeon/prefabs/_base/chain_1.prefab
  artifactKey: Guid(f1b27711c71f15b458ab9a6a2944eb51) Importer(815301076,1909f56bfc062723c751e8b465ee728b)
Start importing Assets/Voxel Dungeon/prefabs/_base/chain_1.prefab using Guid(f1b27711c71f15b458ab9a6a2944eb51) Importer(815301076,1909f56bfc062723c751e8b465ee728b)  -> (artifact id: '0b4051189063a88b94377b4b7ddbb611') in 0.018354 seconds 
========================================================================
Received Import Request.
  Time since last request: 0.000021 seconds.
  path: Assets/Voxel Dungeon/prefabs/_base/chest_1_cap.prefab
  artifactKey: Guid(3ec19f5295b4ac6458107f3cb6ca6ce1) Importer(815301076,1909f56bfc062723c751e8b465ee728b)
Start importing Assets/Voxel Dungeon/prefabs/_base/chest_1_cap.prefab using Guid(3ec19f5295b4ac6458107f3cb6ca6ce1) Importer(815301076,1909f56bfc062723c751e8b465ee728b)  -> (artifact id: 'f79f885619ec0340a1bfb0159073af69') in 0.017588 seconds 
========================================================================
Received Import Request.
  Time since last request: 0.000029 seconds.
  path: Assets/Voxel Dungeon/prefabs/_base/floor_3.prefab
  artifactKey: Guid(ec3cddaaa19a3e84fbe87d3c8974cd56) Importer(815301076,1909f56bfc062723c751e8b465ee728b)
Start importing Assets/Voxel Dungeon/prefabs/_base/floor_3.prefab using Guid(ec3cddaaa19a3e84fbe87d3c8974cd56) Importer(815301076,1909f56bfc062723c751e8b465ee728b)  -> (artifact id: '989557306385475615d3f86967b56247') in 0.016921 seconds 
========================================================================
Received Import Request.
  Time since last request: 0.000027 seconds.
  path: Assets/Voxel Dungeon/prefabs/_base/grate_1_narrow.prefab
  artifactKey: Guid(c90c413757da98547abf3ff5bbe3d82f) Importer(815301076,1909f56bfc062723c751e8b465ee728b)
Start importing Assets/Voxel Dungeon/prefabs/_base/grate_1_narrow.prefab using Guid(c90c413757da98547abf3ff5bbe3d82f) Importer(815301076,1909f56bfc062723c751e8b465ee728b)  -> (artifact id: '5e0cf05bf1193b4eb4489ad82549638f') in 0.013383 seconds 
========================================================================
Received Import Request.
  Time since last request: 0.000021 seconds.
  path: Assets/Voxel Dungeon/prefabs/_base/pillar_2.prefab
  artifactKey: Guid(6874ce8f58890724da0b85633659540f) Importer(815301076,1909f56bfc062723c751e8b465ee728b)
Start importing Assets/Voxel Dungeon/prefabs/_base/pillar_2.prefab using Guid(6874ce8f58890724da0b85633659540f) Importer(815301076,1909f56bfc062723c751e8b465ee728b)  -> (artifact id: '6dab2598f02359fe12e64e1d632a57ee') in 0.014497 seconds 
========================================================================
Received Import Request.
  Time since last request: 0.000023 seconds.
  path: Assets/Voxel Dungeon/prefabs/_base/railing_1_base_broken.prefab
  artifactKey: Guid(965efb343181a4c4ca5aa8d35c133445) Importer(815301076,1909f56bfc062723c751e8b465ee728b)
Start importing Assets/Voxel Dungeon/prefabs/_base/railing_1_base_broken.prefab using Guid(965efb343181a4c4ca5aa8d35c133445) Importer(815301076,1909f56bfc062723c751e8b465ee728b)  -> (artifact id: 'fb15863673c06d98de342d4c4ee3a09f') in 0.017818 seconds 
========================================================================
Received Import Request.
  Time since last request: 0.000024 seconds.
  path: Assets/Voxel Dungeon/prefabs/_base/tomb_1.prefab
  artifactKey: Guid(a3cb250433e38d44fb6113d484514ec0) Importer(815301076,1909f56bfc062723c751e8b465ee728b)
Start importing Assets/Voxel Dungeon/prefabs/_base/tomb_1.prefab using Guid(a3cb250433e38d44fb6113d484514ec0) Importer(815301076,1909f56bfc062723c751e8b465ee728b)  -> (artifact id: '070637277649c18fe63c708a56043f87') in 0.013508 seconds 
========================================================================
Received Import Request.
  Time since last request: 0.000025 seconds.
  path: Assets/Voxel Dungeon/prefabs/_base/torch_1.prefab
  artifactKey: Guid(4371f0fa88d2c2b488794c3306c9bc80) Importer(815301076,1909f56bfc062723c751e8b465ee728b)
Start importing Assets/Voxel Dungeon/prefabs/_base/torch_1.prefab using Guid(4371f0fa88d2c2b488794c3306c9bc80) Importer(815301076,1909f56bfc062723c751e8b465ee728b)  -> (artifact id: 'af63fc01894739da4f43f29477fb45fe') in 0.013028 seconds 
========================================================================
Received Import Request.
  Time since last request: 0.000023 seconds.
  path: Assets/Voxel Dungeon/prefabs/_base/wall_1_small.prefab
  artifactKey: Guid(272cd3583f2b8314f9d790f51519ca55) Importer(815301076,1909f56bfc062723c751e8b465ee728b)
Start importing Assets/Voxel Dungeon/prefabs/_base/wall_1_small.prefab using Guid(272cd3583f2b8314f9d790f51519ca55) Importer(815301076,1909f56bfc062723c751e8b465ee728b)  -> (artifact id: '69aca0b5146f9de3970002a019577ac5') in 0.016635 seconds 
========================================================================
Received Import Request.
  Time since last request: 0.000023 seconds.
  path: Assets/Voxel Dungeon/prefabs/_base/stella_1_broken.prefab
  artifactKey: Guid(6473a4d92a9bf6a49a15b066105ca5d3) Importer(815301076,1909f56bfc062723c751e8b465ee728b)
Start importing Assets/Voxel Dungeon/prefabs/_base/stella_1_broken.prefab using Guid(6473a4d92a9bf6a49a15b066105ca5d3) Importer(815301076,1909f56bfc062723c751e8b465ee728b)  -> (artifact id: '4e13bf226a6e3a9792ee95cb6dee6068') in 0.016812 seconds 
========================================================================
Received Import Request.
  Time since last request: 99.092800 seconds.
  path: Assets/Voxel Dungeon/prefabs/props/bones.prefab
  artifactKey: Guid(d91fb1a8dc247cc44a042442265781be) Importer(815301076,1909f56bfc062723c751e8b465ee728b)
Start importing Assets/Voxel Dungeon/prefabs/props/bones.prefab using Guid(d91fb1a8dc247cc44a042442265781be) Importer(815301076,1909f56bfc062723c751e8b465ee728b)  -> (artifact id: '47d16bff8ad12d64d324bd7ff332cdf3') in 0.012169 seconds 
========================================================================
Received Import Request.
  Time since last request: 0.015303 seconds.
  path: Assets/Voxel Dungeon/prefabs/props/cage_with_bones.prefab
  artifactKey: Guid(28e87436ae6d3c14ca88c94dba4611d4) Importer(815301076,1909f56bfc062723c751e8b465ee728b)
Start importing Assets/Voxel Dungeon/prefabs/props/cage_with_bones.prefab using Guid(28e87436ae6d3c14ca88c94dba4611d4) Importer(815301076,1909f56bfc062723c751e8b465ee728b)  -> (artifact id: 'a19bf89a1fe98498fc2da1ca7bdfe678') in 0.013571 seconds 
========================================================================
Received Import Request.
  Time since last request: 0.000024 seconds.
  path: Assets/Voxel Dungeon/prefabs/props/chain_2.prefab
  artifactKey: Guid(05dd93f146771ea4cb2a9bc3e7ab114d) Importer(815301076,1909f56bfc062723c751e8b465ee728b)
Start importing Assets/Voxel Dungeon/prefabs/props/chain_2.prefab using Guid(05dd93f146771ea4cb2a9bc3e7ab114d) Importer(815301076,1909f56bfc062723c751e8b465ee728b)  -> (artifact id: '977bc6f7582ccd92d30994b3d6ebbf94') in 0.016583 seconds 
========================================================================
Received Import Request.
  Time since last request: 0.003643 seconds.
  path: Assets/Voxel Dungeon/prefabs/props/stella_1_broken.prefab
  artifactKey: Guid(e6507222e1fd73641a98324477ceda54) Importer(815301076,1909f56bfc062723c751e8b465ee728b)
Start importing Assets/Voxel Dungeon/prefabs/props/stella_1_broken.prefab using Guid(e6507222e1fd73641a98324477ceda54) Importer(815301076,1909f56bfc062723c751e8b465ee728b)  -> (artifact id: '92d2236d239816c3d45d625b12561ad2') in 0.018233 seconds 
========================================================================
Received Import Request.
  Time since last request: 0.000019 seconds.
  path: Assets/Voxel Dungeon/prefabs/props/stella_1.prefab
  artifactKey: Guid(ef47a71eebbbf2c4c8dd23ed5ec2e8fe) Importer(815301076,1909f56bfc062723c751e8b465ee728b)
Start importing Assets/Voxel Dungeon/prefabs/props/stella_1.prefab using Guid(ef47a71eebbbf2c4c8dd23ed5ec2e8fe) Importer(815301076,1909f56bfc062723c751e8b465ee728b)  -> (artifact id: '094ec2f97230a7a63440e80c694efa50') in 0.014480 seconds 
========================================================================
Received Import Request.
  Time since last request: 0.000021 seconds.
  path: Assets/Voxel Dungeon/prefabs/props/cage_1.prefab
  artifactKey: Guid(42f2cabc02daba842998428a41b3847f) Importer(815301076,1909f56bfc062723c751e8b465ee728b)
Start importing Assets/Voxel Dungeon/prefabs/props/cage_1.prefab using Guid(42f2cabc02daba842998428a41b3847f) Importer(815301076,1909f56bfc062723c751e8b465ee728b)  -> (artifact id: '4e02cb9f2f65bbe85a652dd1e7a8d509') in 0.011270 seconds 
========================================================================
Received Import Request.
  Time since last request: 0.000025 seconds.
  path: Assets/Voxel Dungeon/prefabs/props/stella_1_broken_with_vase.prefab
  artifactKey: Guid(cdc9de95bf6e82245a6771c33083444d) Importer(815301076,1909f56bfc062723c751e8b465ee728b)
Start importing Assets/Voxel Dungeon/prefabs/props/stella_1_broken_with_vase.prefab using Guid(cdc9de95bf6e82245a6771c33083444d) Importer(815301076,1909f56bfc062723c751e8b465ee728b)  -> (artifact id: '31efa76a82d548a5283825a91edfecbd') in 0.013657 seconds 
========================================================================
Received Prepare
Registering precompiled user dll's ...
Registered in 0.006318 seconds.
Begin MonoManager ReloadAssembly
Symbol file LoadedFromMemory doesn't match image D:\DOWNROADS\capstone1102\Library\PackageCache\com.unity.visualscripting@1.7.8\Editor\VisualScripting.Core\Dependencies\YamlDotNet\Unity.VisualScripting.YamlDotNet.dll
Symbol file LoadedFromMemory doesn't match image D:\DOWNROADS\capstone1102\Library\PackageCache\com.unity.visualscripting@1.7.8\Editor\VisualScripting.Core\Dependencies\DotNetZip\Unity.VisualScripting.IonicZip.dll
Native extension for WindowsStandalone target not found
Native extension for WebGL target not found
Refreshing native plugins compatible for Editor in 0.57 ms, found 3 plugins.
Preloading 0 native plugins for Editor in 0.00 ms.
Mono: successfully reloaded assembly
- Completed reload, in  0.996 seconds
Domain Reload Profiling:
	ReloadAssembly (997ms)
		BeginReloadAssembly (146ms)
			ExecutionOrderSort (0ms)
			DisableScriptedObjects (4ms)
			BackupInstance (0ms)
			ReleaseScriptingObjects (0ms)
			CreateAndSetChildDomain (32ms)
		EndReloadAssembly (747ms)
			LoadAssemblies (111ms)
			RebuildTransferFunctionScriptingTraits (0ms)
			SetupTypeCache (243ms)
			ReleaseScriptCaches (1ms)
			RebuildScriptCaches (42ms)
			SetupLoadedEditorAssemblies (324ms)
				LogAssemblyErrors (0ms)
				InitializePlatformSupportModulesInManaged (18ms)
				SetLoadedEditorAssemblies (0ms)
				RefreshPlugins (1ms)
				BeforeProcessingInitializeOnLoad (68ms)
				ProcessInitializeOnLoadAttributes (193ms)
				ProcessInitializeOnLoadMethodAttributes (28ms)
				AfterProcessingInitializeOnLoad (16ms)
				EditorAssembliesLoaded (0ms)
			ExecutionOrderSort2 (0ms)
			AwakeInstancesAfterBackupRestoration (13ms)
Platform modules already initialized, skipping
Refreshing native plugins compatible for Editor in 1.76 ms, found 3 plugins.
Preloading 0 native plugins for Editor in 0.00 ms.
Unloading 3381 Unused Serialized files (Serialized files now loaded: 0)
Unloading 20 unused Assets / (78.6 KB). Loaded Objects now: 3897.
Memory consumption went from 125.9 MB to 125.8 MB.
Total: 2.404600 ms (FindLiveObjects: 0.238000 ms CreateObjectMapping: 0.150800 ms MarkObjects: 1.940500 ms  DeleteObjects: 0.074300 ms)

AssetImportParameters requested are different than current active one (requested -> active):
  custom:video-decoder-ogg-theora: a1e56fd34408186e4bbccfd4996cb3dc -> 
  custom:container-muxer-webm: aa71ff27fc2769a1b78a27578f13a17b -> 
  custom:container-demuxer-webm: 4f35f7cbe854078d1ac9338744f61a02 -> 
  custom:video-encoder-webm-vp8: eb34c28f22e8b96e1ab97ce403110664 -> 
  custom:video-codec-MediaFoundation-h265: e54d7ab0439102e2317fc1e4b246158d -> 
  custom:audio-encoder-webm-vorbis: bf7c407c2cedff20999df2af8eb42d56 -> 
  custom:framework-win-MediaFoundation: 216162199b28c13a410421893ffa2e32 -> 
  custom:container-demuxer-ogg: 62fdf1f143b41e24485cea50d1cbac27 -> 
  custom:video-decoder-webm-vp8: 9c59270c3fd7afecdb556c50c9e8de78 -> 
  custom:audio-decoder-ogg-vorbis: bf7c407c2cedff20999df2af8eb42d56 -> 
Editor requested this worker to shutdown with reason: Scaling down because of idle timeout
AssetImportWorker is now disconnected from the server
Process exiting
Exiting without the bug reporter. Application will terminate with return code 0