Using pre-set license
Built from '2021.3/staging' branch; Version is '2021.3.9f1 (ad3870b89536) revision 11352176'; Using compiler version '192829333'; Build Type 'Release'
OS: 'Windows 10  (10.0.19045) 64bit Professional' Language: 'ko' Physical Memory: 32688 MB
BatchMode: 1, IsHumanControllingUs: 0, StartBugReporterOnCrash: 0, Is64bit: 1, IsPro: 1

COMMAND LINE ARGUMENTS:
C:\Program Files\Unity\Hub\Editor\2021.3.9f1\Editor\Unity.exe
-adb2
-batchMode
-noUpm
-name
AssetImportWorker2
-projectPath
D:/DOWNROADS/capstone1102
-logFile
Logs/AssetImportWorker2.log
-srvPort
1281
Successfully changed project path to: D:/DOWNROADS/capstone1102
D:/DOWNROADS/capstone1102
[UnityMemory] Configuration Parameters - Can be set up in boot.config
    "memorysetup-bucket-allocator-granularity=16"
    "memorysetup-bucket-allocator-bucket-count=8"
    "memorysetup-bucket-allocator-block-size=33554432"
    "memorysetup-bucket-allocator-block-count=8"
    "memorysetup-main-allocator-block-size=16777216"
    "memorysetup-thread-allocator-block-size=16777216"
    "memorysetup-gfx-main-allocator-block-size=16777216"
    "memorysetup-gfx-thread-allocator-block-size=16777216"
    "memorysetup-cache-allocator-block-size=4194304"
    "memorysetup-typetree-allocator-block-size=2097152"
    "memorysetup-profiler-bucket-allocator-granularity=16"
    "memorysetup-profiler-bucket-allocator-bucket-count=8"
    "memorysetup-profiler-bucket-allocator-block-size=33554432"
    "memorysetup-profiler-bucket-allocator-block-count=8"
    "memorysetup-profiler-allocator-block-size=16777216"
    "memorysetup-profiler-editor-allocator-block-size=1048576"
    "memorysetup-temp-allocator-size-main=16777216"
    "memorysetup-job-temp-allocator-block-size=2097152"
    "memorysetup-job-temp-allocator-block-size-background=1048576"
    "memorysetup-job-temp-allocator-reduction-small-platforms=262144"
    "memorysetup-temp-allocator-size-background-worker=32768"
    "memorysetup-temp-allocator-size-job-worker=262144"
    "memorysetup-temp-allocator-size-preload-manager=33554432"
    "memorysetup-temp-allocator-size-nav-mesh-worker=65536"
    "memorysetup-temp-allocator-size-audio-worker=65536"
    "memorysetup-temp-allocator-size-cloud-worker=32768"
    "memorysetup-temp-allocator-size-gi-baking-worker=262144"
    "memorysetup-temp-allocator-size-gfx=262144"
Refreshing native plugins compatible for Editor in 68.10 ms, found 3 plugins.
Preloading 0 native plugins for Editor in 0.00 ms.
Initialize engine version: 2021.3.9f1 (ad3870b89536)
[Subsystems] Discovering subsystems at path C:/Program Files/Unity/Hub/Editor/2021.3.9f1/Editor/Data/Resources/UnitySubsystems
[Subsystems] Discovering subsystems at path D:/DOWNROADS/capstone1102/Assets
GfxDevice: creating device client; threaded=0; jobified=0
Direct3D:
    Version:  Direct3D 11.0 [level 11.1]
    Renderer: NVIDIA GeForce GTX 1660 SUPER (ID=0x21c4)
    Vendor:   NVIDIA
    VRAM:     5992 MB
    Driver:   31.0.15.1659
Initialize mono
Mono path[0] = 'C:/Program Files/Unity/Hub/Editor/2021.3.9f1/Editor/Data/Managed'
Mono path[1] = 'C:/Program Files/Unity/Hub/Editor/2021.3.9f1/Editor/Data/MonoBleedingEdge/lib/mono/unityjit-win32'
Mono config path = 'C:/Program Files/Unity/Hub/Editor/2021.3.9f1/Editor/Data/MonoBleedingEdge/etc'
Using monoOptions --debugger-agent=transport=dt_socket,embedding=1,server=y,suspend=n,address=127.0.0.1:56136
Begin MonoManager ReloadAssembly
Registering precompiled unity dll's ...
Register platform support module: C:/Program Files/Unity/Hub/Editor/2021.3.9f1/Editor/Data/PlaybackEngines/WebGLSupport/UnityEditor.WebGL.Extensions.dll
Register platform support module: C:/Program Files/Unity/Hub/Editor/2021.3.9f1/Editor/Data/PlaybackEngines/WindowsStandaloneSupport/UnityEditor.WindowsStandalone.Extensions.dll
Registered in 0.013774 seconds.
Native extension for WindowsStandalone target not found
Native extension for WebGL target not found
Refreshing native plugins compatible for Editor in 66.83 ms, found 3 plugins.
Preloading 0 native plugins for Editor in 0.00 ms.
Mono: successfully reloaded assembly
- Completed reload, in  0.804 seconds
Domain Reload Profiling:
	ReloadAssembly (804ms)
		BeginReloadAssembly (86ms)
			ExecutionOrderSort (0ms)
			DisableScriptedObjects (0ms)
			BackupInstance (0ms)
			ReleaseScriptingObjects (0ms)
			CreateAndSetChildDomain (1ms)
		EndReloadAssembly (511ms)
			LoadAssemblies (83ms)
			RebuildTransferFunctionScriptingTraits (0ms)
			SetupTypeCache (212ms)
			ReleaseScriptCaches (0ms)
			RebuildScriptCaches (23ms)
			SetupLoadedEditorAssemblies (228ms)
				LogAssemblyErrors (0ms)
				InitializePlatformSupportModulesInManaged (10ms)
				SetLoadedEditorAssemblies (0ms)
				RefreshPlugins (67ms)
				BeforeProcessingInitializeOnLoad (1ms)
				ProcessInitializeOnLoadAttributes (103ms)
				ProcessInitializeOnLoadMethodAttributes (47ms)
				AfterProcessingInitializeOnLoad (0ms)
				EditorAssembliesLoaded (0ms)
			ExecutionOrderSort2 (0ms)
			AwakeInstancesAfterBackupRestoration (0ms)
Platform modules already initialized, skipping
Registering precompiled user dll's ...
Registered in 0.005343 seconds.
Begin MonoManager ReloadAssembly
Symbol file LoadedFromMemory doesn't match image D:\DOWNROADS\capstone1102\Library\PackageCache\com.unity.visualscripting@1.7.8\Editor\VisualScripting.Core\Dependencies\YamlDotNet\Unity.VisualScripting.YamlDotNet.dll
Symbol file LoadedFromMemory doesn't match image D:\DOWNROADS\capstone1102\Library\PackageCache\com.unity.visualscripting@1.7.8\Editor\VisualScripting.Core\Dependencies\DotNetZip\Unity.VisualScripting.IonicZip.dll
Native extension for WindowsStandalone target not found
Native extension for WebGL target not found
Refreshing native plugins compatible for Editor in 0.51 ms, found 3 plugins.
Preloading 0 native plugins for Editor in 0.00 ms.
Mono: successfully reloaded assembly
- Completed reload, in  1.010 seconds
Domain Reload Profiling:
	ReloadAssembly (1011ms)
		BeginReloadAssembly (116ms)
			ExecutionOrderSort (0ms)
			DisableScriptedObjects (5ms)
			BackupInstance (0ms)
			ReleaseScriptingObjects (0ms)
			CreateAndSetChildDomain (16ms)
		EndReloadAssembly (787ms)
			LoadAssemblies (95ms)
			RebuildTransferFunctionScriptingTraits (0ms)
			SetupTypeCache (229ms)
			ReleaseScriptCaches (1ms)
			RebuildScriptCaches (41ms)
			SetupLoadedEditorAssemblies (402ms)
				LogAssemblyErrors (0ms)
				InitializePlatformSupportModulesInManaged (9ms)
				SetLoadedEditorAssemblies (0ms)
				RefreshPlugins (1ms)
				BeforeProcessingInitializeOnLoad (77ms)
				ProcessInitializeOnLoadAttributes (271ms)
				ProcessInitializeOnLoadMethodAttributes (29ms)
				AfterProcessingInitializeOnLoad (14ms)
				EditorAssembliesLoaded (0ms)
			ExecutionOrderSort2 (0ms)
			AwakeInstancesAfterBackupRestoration (11ms)
Platform modules already initialized, skipping
========================================================================
Worker process is ready to serve import requests
Launched and connected shader compiler UnityShaderCompiler.exe after 0.07 seconds
Refreshing native plugins compatible for Editor in 0.51 ms, found 3 plugins.
Preloading 0 native plugins for Editor in 0.00 ms.
Unloading 3386 Unused Serialized files (Serialized files now loaded: 0)
Unloading 27 unused Assets / (111.4 KB). Loaded Objects now: 3845.
Memory consumption went from 121.3 MB to 121.2 MB.
Total: 2.897000 ms (FindLiveObjects: 0.339700 ms CreateObjectMapping: 0.269500 ms MarkObjects: 2.182400 ms  DeleteObjects: 0.104600 ms)

AssetImportParameters requested are different than current active one (requested -> active):
  custom:video-decoder-ogg-theora: a1e56fd34408186e4bbccfd4996cb3dc -> 
  custom:container-muxer-webm: aa71ff27fc2769a1b78a27578f13a17b -> 
  custom:container-demuxer-webm: 4f35f7cbe854078d1ac9338744f61a02 -> 
  custom:video-encoder-webm-vp8: eb34c28f22e8b96e1ab97ce403110664 -> 
  custom:video-codec-MediaFoundation-h265: e54d7ab0439102e2317fc1e4b246158d -> 
  custom:audio-encoder-webm-vorbis: bf7c407c2cedff20999df2af8eb42d56 -> 
  custom:framework-win-MediaFoundation: 216162199b28c13a410421893ffa2e32 -> 
  custom:container-demuxer-ogg: 62fdf1f143b41e24485cea50d1cbac27 -> 
  custom:video-decoder-webm-vp8: 9c59270c3fd7afecdb556c50c9e8de78 -> 
  custom:audio-decoder-ogg-vorbis: bf7c407c2cedff20999df2af8eb42d56 -> 
========================================================================
Received Prepare
Registering precompiled user dll's ...
Registered in 0.005924 seconds.
Begin MonoManager ReloadAssembly
Symbol file LoadedFromMemory doesn't match image D:\DOWNROADS\capstone1102\Library\PackageCache\com.unity.visualscripting@1.7.8\Editor\VisualScripting.Core\Dependencies\YamlDotNet\Unity.VisualScripting.YamlDotNet.dll
Symbol file LoadedFromMemory doesn't match image D:\DOWNROADS\capstone1102\Library\PackageCache\com.unity.visualscripting@1.7.8\Editor\VisualScripting.Core\Dependencies\DotNetZip\Unity.VisualScripting.IonicZip.dll
Native extension for WindowsStandalone target not found
Native extension for WebGL target not found
Refreshing native plugins compatible for Editor in 0.59 ms, found 3 plugins.
Preloading 0 native plugins for Editor in 0.00 ms.
Mono: successfully reloaded assembly
- Completed reload, in  1.040 seconds
Domain Reload Profiling:
	ReloadAssembly (1040ms)
		BeginReloadAssembly (152ms)
			ExecutionOrderSort (0ms)
			DisableScriptedObjects (5ms)
			BackupInstance (0ms)
			ReleaseScriptingObjects (0ms)
			CreateAndSetChildDomain (35ms)
		EndReloadAssembly (784ms)
			LoadAssemblies (114ms)
			RebuildTransferFunctionScriptingTraits (0ms)
			SetupTypeCache (265ms)
			ReleaseScriptCaches (1ms)
			RebuildScriptCaches (40ms)
			SetupLoadedEditorAssemblies (331ms)
				LogAssemblyErrors (0ms)
				InitializePlatformSupportModulesInManaged (19ms)
				SetLoadedEditorAssemblies (0ms)
				RefreshPlugins (1ms)
				BeforeProcessingInitializeOnLoad (73ms)
				ProcessInitializeOnLoadAttributes (193ms)
				ProcessInitializeOnLoadMethodAttributes (27ms)
				AfterProcessingInitializeOnLoad (17ms)
				EditorAssembliesLoaded (0ms)
			ExecutionOrderSort2 (0ms)
			AwakeInstancesAfterBackupRestoration (14ms)
Platform modules already initialized, skipping
Refreshing native plugins compatible for Editor in 1.91 ms, found 3 plugins.
Preloading 0 native plugins for Editor in 0.00 ms.
Unloading 3381 Unused Serialized files (Serialized files now loaded: 0)
Unloading 20 unused Assets / (78.3 KB). Loaded Objects now: 3848.
Memory consumption went from 121.2 MB to 121.2 MB.
Total: 2.615100 ms (FindLiveObjects: 0.249100 ms CreateObjectMapping: 0.179300 ms MarkObjects: 2.103600 ms  DeleteObjects: 0.082300 ms)

AssetImportParameters requested are different than current active one (requested -> active):
  custom:video-decoder-ogg-theora: a1e56fd34408186e4bbccfd4996cb3dc -> 
  custom:container-muxer-webm: aa71ff27fc2769a1b78a27578f13a17b -> 
  custom:container-demuxer-webm: 4f35f7cbe854078d1ac9338744f61a02 -> 
  custom:video-encoder-webm-vp8: eb34c28f22e8b96e1ab97ce403110664 -> 
  custom:video-codec-MediaFoundation-h265: e54d7ab0439102e2317fc1e4b246158d -> 
  custom:audio-encoder-webm-vorbis: bf7c407c2cedff20999df2af8eb42d56 -> 
  custom:framework-win-MediaFoundation: 216162199b28c13a410421893ffa2e32 -> 
  custom:container-demuxer-ogg: 62fdf1f143b41e24485cea50d1cbac27 -> 
  custom:video-decoder-webm-vp8: 9c59270c3fd7afecdb556c50c9e8de78 -> 
  custom:audio-decoder-ogg-vorbis: bf7c407c2cedff20999df2af8eb42d56 -> 
========================================================================
Received Prepare
Registering precompiled user dll's ...
Registered in 0.005433 seconds.
Begin MonoManager ReloadAssembly
Symbol file LoadedFromMemory doesn't match image D:\DOWNROADS\capstone1102\Library\PackageCache\com.unity.visualscripting@1.7.8\Editor\VisualScripting.Core\Dependencies\YamlDotNet\Unity.VisualScripting.YamlDotNet.dll
Symbol file LoadedFromMemory doesn't match image D:\DOWNROADS\capstone1102\Library\PackageCache\com.unity.visualscripting@1.7.8\Editor\VisualScripting.Core\Dependencies\DotNetZip\Unity.VisualScripting.IonicZip.dll
Native extension for WindowsStandalone target not found
Native extension for WebGL target not found
Refreshing native plugins compatible for Editor in 0.63 ms, found 3 plugins.
Preloading 0 native plugins for Editor in 0.00 ms.
Mono: successfully reloaded assembly
- Completed reload, in  1.023 seconds
Domain Reload Profiling:
	ReloadAssembly (1023ms)
		BeginReloadAssembly (152ms)
			ExecutionOrderSort (0ms)
			DisableScriptedObjects (5ms)
			BackupInstance (0ms)
			ReleaseScriptingObjects (0ms)
			CreateAndSetChildDomain (34ms)
		EndReloadAssembly (769ms)
			LoadAssemblies (116ms)
			RebuildTransferFunctionScriptingTraits (0ms)
			SetupTypeCache (261ms)
			ReleaseScriptCaches (1ms)
			RebuildScriptCaches (41ms)
			SetupLoadedEditorAssemblies (327ms)
				LogAssemblyErrors (0ms)
				InitializePlatformSupportModulesInManaged (17ms)
				SetLoadedEditorAssemblies (0ms)
				RefreshPlugins (1ms)
				BeforeProcessingInitializeOnLoad (71ms)
				ProcessInitializeOnLoadAttributes (193ms)
				ProcessInitializeOnLoadMethodAttributes (29ms)
				AfterProcessingInitializeOnLoad (15ms)
				EditorAssembliesLoaded (0ms)
			ExecutionOrderSort2 (0ms)
			AwakeInstancesAfterBackupRestoration (13ms)
Platform modules already initialized, skipping
Refreshing native plugins compatible for Editor in 1.78 ms, found 3 plugins.
Preloading 0 native plugins for Editor in 0.00 ms.
Unloading 3381 Unused Serialized files (Serialized files now loaded: 0)
Unloading 20 unused Assets / (78.4 KB). Loaded Objects now: 3851.
Memory consumption went from 121.3 MB to 121.2 MB.
Total: 3.290900 ms (FindLiveObjects: 0.298600 ms CreateObjectMapping: 0.299000 ms MarkObjects: 2.568900 ms  DeleteObjects: 0.123500 ms)

AssetImportParameters requested are different than current active one (requested -> active):
  custom:video-decoder-ogg-theora: a1e56fd34408186e4bbccfd4996cb3dc -> 
  custom:container-muxer-webm: aa71ff27fc2769a1b78a27578f13a17b -> 
  custom:container-demuxer-webm: 4f35f7cbe854078d1ac9338744f61a02 -> 
  custom:video-encoder-webm-vp8: eb34c28f22e8b96e1ab97ce403110664 -> 
  custom:video-codec-MediaFoundation-h265: e54d7ab0439102e2317fc1e4b246158d -> 
  custom:audio-encoder-webm-vorbis: bf7c407c2cedff20999df2af8eb42d56 -> 
  custom:framework-win-MediaFoundation: 216162199b28c13a410421893ffa2e32 -> 
  custom:container-demuxer-ogg: 62fdf1f143b41e24485cea50d1cbac27 -> 
  custom:video-decoder-webm-vp8: 9c59270c3fd7afecdb556c50c9e8de78 -> 
  custom:audio-decoder-ogg-vorbis: bf7c407c2cedff20999df2af8eb42d56 -> 
========================================================================
Received Import Request.
  Time since last request: 11504.339001 seconds.
  path: Assets/Voxel Dungeon/prefabs/_particles/VFX
  artifactKey: Guid(b041b655489ae9247b5a5509308ce628) Importer(815301076,1909f56bfc062723c751e8b465ee728b)
Start importing Assets/Voxel Dungeon/prefabs/_particles/VFX using Guid(b041b655489ae9247b5a5509308ce628) Importer(815301076,1909f56bfc062723c751e8b465ee728b)  -> (artifact id: 'af0fbebaede8e6c9813d0a732243e76a') in 0.009749 seconds 
========================================================================
Received Import Request.
  Time since last request: 0.045626 seconds.
  path: Assets/Voxel Dungeon/prefabs/_particles/VFX/aura.mat
  artifactKey: Guid(6d8eb2e5367ca464889a044b5efd4f4e) Importer(815301076,1909f56bfc062723c751e8b465ee728b)
Start importing Assets/Voxel Dungeon/prefabs/_particles/VFX/aura.mat using Guid(6d8eb2e5367ca464889a044b5efd4f4e) Importer(815301076,1909f56bfc062723c751e8b465ee728b)  -> (artifact id: '1f47bfbe6a7f8359ba3ad30c7e1566dd') in 0.129816 seconds 
========================================================================
Received Prepare
Registering precompiled user dll's ...
Registered in 0.006369 seconds.
Begin MonoManager ReloadAssembly
Symbol file LoadedFromMemory doesn't match image D:\DOWNROADS\capstone1102\Library\PackageCache\com.unity.visualscripting@1.7.8\Editor\VisualScripting.Core\Dependencies\YamlDotNet\Unity.VisualScripting.YamlDotNet.dll
Symbol file LoadedFromMemory doesn't match image D:\DOWNROADS\capstone1102\Library\PackageCache\com.unity.visualscripting@1.7.8\Editor\VisualScripting.Core\Dependencies\DotNetZip\Unity.VisualScripting.IonicZip.dll
Native extension for WindowsStandalone target not found
Native extension for WebGL target not found
Refreshing native plugins compatible for Editor in 0.59 ms, found 3 plugins.
Preloading 0 native plugins for Editor in 0.00 ms.
Mono: successfully reloaded assembly
- Completed reload, in  1.036 seconds
Domain Reload Profiling:
	ReloadAssembly (1037ms)
		BeginReloadAssembly (160ms)
			ExecutionOrderSort (0ms)
			DisableScriptedObjects (4ms)
			BackupInstance (0ms)
			ReleaseScriptingObjects (0ms)
			CreateAndSetChildDomain (38ms)
		EndReloadAssembly (773ms)
			LoadAssemblies (122ms)
			RebuildTransferFunctionScriptingTraits (0ms)
			SetupTypeCache (263ms)
			ReleaseScriptCaches (1ms)
			RebuildScriptCaches (39ms)
			SetupLoadedEditorAssemblies (330ms)
				LogAssemblyErrors (0ms)
				InitializePlatformSupportModulesInManaged (16ms)
				SetLoadedEditorAssemblies (0ms)
				RefreshPlugins (1ms)
				BeforeProcessingInitializeOnLoad (71ms)
				ProcessInitializeOnLoadAttributes (197ms)
				ProcessInitializeOnLoadMethodAttributes (27ms)
				AfterProcessingInitializeOnLoad (18ms)
				EditorAssembliesLoaded (0ms)
			ExecutionOrderSort2 (0ms)
			AwakeInstancesAfterBackupRestoration (15ms)
Platform modules already initialized, skipping
Refreshing native plugins compatible for Editor in 2.08 ms, found 3 plugins.
Preloading 0 native plugins for Editor in 0.00 ms.
Unloading 3381 Unused Serialized files (Serialized files now loaded: 0)
Unloading 20 unused Assets / (78.5 KB). Loaded Objects now: 3894.
Memory consumption went from 125.8 MB to 125.8 MB.
Total: 2.602900 ms (FindLiveObjects: 0.273700 ms CreateObjectMapping: 0.214500 ms MarkObjects: 2.043300 ms  DeleteObjects: 0.070500 ms)

AssetImportParameters requested are different than current active one (requested -> active):
  custom:video-decoder-ogg-theora: a1e56fd34408186e4bbccfd4996cb3dc -> 
  custom:container-muxer-webm: aa71ff27fc2769a1b78a27578f13a17b -> 
  custom:container-demuxer-webm: 4f35f7cbe854078d1ac9338744f61a02 -> 
  custom:video-encoder-webm-vp8: eb34c28f22e8b96e1ab97ce403110664 -> 
  custom:video-codec-MediaFoundation-h265: e54d7ab0439102e2317fc1e4b246158d -> 
  custom:audio-encoder-webm-vorbis: bf7c407c2cedff20999df2af8eb42d56 -> 
  custom:framework-win-MediaFoundation: 216162199b28c13a410421893ffa2e32 -> 
  custom:container-demuxer-ogg: 62fdf1f143b41e24485cea50d1cbac27 -> 
  custom:video-decoder-webm-vp8: 9c59270c3fd7afecdb556c50c9e8de78 -> 
  custom:audio-decoder-ogg-vorbis: bf7c407c2cedff20999df2af8eb42d56 -> 
========================================================================
Received Import Request.
  Time since last request: 31.866384 seconds.
  path: Assets/Voxel Dungeon/prefabs/_particles/VFX/Materials
  artifactKey: Guid(481c2610e1f70284ca113f9e7459eb4a) Importer(815301076,1909f56bfc062723c751e8b465ee728b)
Start importing Assets/Voxel Dungeon/prefabs/_particles/VFX/Materials using Guid(481c2610e1f70284ca113f9e7459eb4a) Importer(815301076,1909f56bfc062723c751e8b465ee728b)  -> (artifact id: '681be789d08e1fb40e8b6b181ca056d8') in 0.008873 seconds 
========================================================================
Received Import Request.
  Time since last request: 0.147265 seconds.
  path: Assets/Voxel Dungeon/prefabs/_particles/VFX/Materials/E9p45.mat
  artifactKey: Guid(0a30a64fa898c86489e8d4838e00215a) Importer(815301076,1909f56bfc062723c751e8b465ee728b)
Start importing Assets/Voxel Dungeon/prefabs/_particles/VFX/Materials/E9p45.mat using Guid(0a30a64fa898c86489e8d4838e00215a) Importer(815301076,1909f56bfc062723c751e8b465ee728b)  -> (artifact id: 'c4dc9cbfe8131084222fbbc9a90ceb9d') in 0.063366 seconds 
========================================================================
Received Import Request.
  Time since last request: 5.833012 seconds.
  path: Assets/Voxel Dungeon/models/Materials
  artifactKey: Guid(768a752110968b64c8cfe05623a1066d) Importer(815301076,1909f56bfc062723c751e8b465ee728b)
Start importing Assets/Voxel Dungeon/models/Materials using Guid(768a752110968b64c8cfe05623a1066d) Importer(815301076,1909f56bfc062723c751e8b465ee728b)  -> (artifact id: 'df1d36286e86e9746e0f68f293e6ded8') in 0.005335 seconds 
========================================================================
Received Import Request.
  Time since last request: 0.064548 seconds.
  path: Assets/Voxel Dungeon/models/Materials/defaultMat.mat
  artifactKey: Guid(d5979ea0b69d6014689f5996648e70a9) Importer(815301076,1909f56bfc062723c751e8b465ee728b)
Start importing Assets/Voxel Dungeon/models/Materials/defaultMat.mat using Guid(d5979ea0b69d6014689f5996648e70a9) Importer(815301076,1909f56bfc062723c751e8b465ee728b)  -> (artifact id: 'ccfcf65fffad745c27a3d52e88205b62') in 0.014993 seconds 
========================================================================
Received Import Request.
  Time since last request: 5.659212 seconds.
  path: Assets/Voxel Dungeon/prefabs/torches&braziers/brazier_1.prefab
  artifactKey: Guid(b0149691a4631db4b9d46aec9afbf7eb) Importer(815301076,1909f56bfc062723c751e8b465ee728b)
Start importing Assets/Voxel Dungeon/prefabs/torches&braziers/brazier_1.prefab using Guid(b0149691a4631db4b9d46aec9afbf7eb) Importer(815301076,1909f56bfc062723c751e8b465ee728b)  -> (artifact id: 'f4dc519d28cdb0ae6052913f7cf510f4') in 0.031649 seconds 
========================================================================
Received Import Request.
  Time since last request: 17.054336 seconds.
  path: Assets/Voxel Dungeon/prefabs/_base/arc_1.prefab
  artifactKey: Guid(62f0f6b211fbeb34986e12196a53e25c) Importer(815301076,1909f56bfc062723c751e8b465ee728b)
Start importing Assets/Voxel Dungeon/prefabs/_base/arc_1.prefab using Guid(62f0f6b211fbeb34986e12196a53e25c) Importer(815301076,1909f56bfc062723c751e8b465ee728b)  -> (artifact id: '3fe4431ec01ac1e5370f09f1c0e0e94a') in 0.015514 seconds 
========================================================================
Received Import Request.
  Time since last request: 0.000022 seconds.
  path: Assets/Voxel Dungeon/prefabs/_base/brazier_flame_1.prefab
  artifactKey: Guid(c6f287dc6d2df6f49a2dbe9f27d5a5f8) Importer(815301076,1909f56bfc062723c751e8b465ee728b)
Start importing Assets/Voxel Dungeon/prefabs/_base/brazier_flame_1.prefab using Guid(c6f287dc6d2df6f49a2dbe9f27d5a5f8) Importer(815301076,1909f56bfc062723c751e8b465ee728b)  -> (artifact id: '094b6b9b6dd50548d1dd2a8bb15e1f1a') in 0.016057 seconds 
========================================================================
Received Import Request.
  Time since last request: 0.000026 seconds.
  path: Assets/Voxel Dungeon/prefabs/_base/chest_1_bottom.prefab
  artifactKey: Guid(6b2f3a00e50a43b40bb8e8176120c8c6) Importer(815301076,1909f56bfc062723c751e8b465ee728b)
Start importing Assets/Voxel Dungeon/prefabs/_base/chest_1_bottom.prefab using Guid(6b2f3a00e50a43b40bb8e8176120c8c6) Importer(815301076,1909f56bfc062723c751e8b465ee728b)  -> (artifact id: 'e64bd5c90205f1456db2c05eb25b41b3') in 0.017821 seconds 
========================================================================
Received Import Request.
  Time since last request: 0.000020 seconds.
  path: Assets/Voxel Dungeon/prefabs/_base/floor_1.prefab
  artifactKey: Guid(1b2f2659153f4ca4a8ca669ecb369594) Importer(815301076,1909f56bfc062723c751e8b465ee728b)
Start importing Assets/Voxel Dungeon/prefabs/_base/floor_1.prefab using Guid(1b2f2659153f4ca4a8ca669ecb369594) Importer(815301076,1909f56bfc062723c751e8b465ee728b)  -> (artifact id: '73b23f65aa8b229401b78569ea782bd2') in 0.014686 seconds 
========================================================================
Received Import Request.
  Time since last request: 0.000026 seconds.
  path: Assets/Voxel Dungeon/prefabs/_base/floor_plate_1_broken.prefab
  artifactKey: Guid(082dd928b9bd4af4eb4aeac352ca59ca) Importer(815301076,1909f56bfc062723c751e8b465ee728b)
Start importing Assets/Voxel Dungeon/prefabs/_base/floor_plate_1_broken.prefab using Guid(082dd928b9bd4af4eb4aeac352ca59ca) Importer(815301076,1909f56bfc062723c751e8b465ee728b)  -> (artifact id: '604a143f4775c77ecced1de9f3af9556') in 0.017447 seconds 
========================================================================
Received Import Request.
  Time since last request: 0.000019 seconds.
  path: Assets/Voxel Dungeon/prefabs/_base/grate_1.prefab
  artifactKey: Guid(c7efe5b290205864395a1bef163d6db0) Importer(815301076,1909f56bfc062723c751e8b465ee728b)
Start importing Assets/Voxel Dungeon/prefabs/_base/grate_1.prefab using Guid(c7efe5b290205864395a1bef163d6db0) Importer(815301076,1909f56bfc062723c751e8b465ee728b)  -> (artifact id: '7edeed58c1072378e98997cc9bf7a458') in 0.013014 seconds 
========================================================================
Received Import Request.
  Time since last request: 0.000020 seconds.
  path: Assets/Voxel Dungeon/prefabs/_base/railing_1.prefab
  artifactKey: Guid(91c86d0d567734c49844a53d0428c1ed) Importer(815301076,1909f56bfc062723c751e8b465ee728b)
Start importing Assets/Voxel Dungeon/prefabs/_base/railing_1.prefab using Guid(91c86d0d567734c49844a53d0428c1ed) Importer(815301076,1909f56bfc062723c751e8b465ee728b)  -> (artifact id: '9f28f7658b30ecd4ef4fd2a2cff94708') in 0.014470 seconds 
========================================================================
Received Import Request.
  Time since last request: 0.000023 seconds.
  path: Assets/Voxel Dungeon/prefabs/_base/railing_1_broken.prefab
  artifactKey: Guid(d58d31dbf1c6fc849aabdd7dd957121d) Importer(815301076,1909f56bfc062723c751e8b465ee728b)
Start importing Assets/Voxel Dungeon/prefabs/_base/railing_1_broken.prefab using Guid(d58d31dbf1c6fc849aabdd7dd957121d) Importer(815301076,1909f56bfc062723c751e8b465ee728b)  -> (artifact id: 'cdf91beebef55c92d6ab06d6ccf0e298') in 0.016174 seconds 
========================================================================
Received Import Request.
  Time since last request: 0.000023 seconds.
  path: Assets/Voxel Dungeon/prefabs/_base/tomb_1_cap_broken.prefab
  artifactKey: Guid(8db9981d541204642b99032b05f728b7) Importer(815301076,1909f56bfc062723c751e8b465ee728b)
Start importing Assets/Voxel Dungeon/prefabs/_base/tomb_1_cap_broken.prefab using Guid(8db9981d541204642b99032b05f728b7) Importer(815301076,1909f56bfc062723c751e8b465ee728b)  -> (artifact id: 'eaf815e3bb422cd1910bbdcda54194b4') in 0.013039 seconds 
========================================================================
Received Import Request.
  Time since last request: 0.000018 seconds.
  path: Assets/Voxel Dungeon/prefabs/_base/torch_1_empty.prefab
  artifactKey: Guid(e9f7f003b54a0cc43af595b642a67e86) Importer(815301076,1909f56bfc062723c751e8b465ee728b)
Start importing Assets/Voxel Dungeon/prefabs/_base/torch_1_empty.prefab using Guid(e9f7f003b54a0cc43af595b642a67e86) Importer(815301076,1909f56bfc062723c751e8b465ee728b)  -> (artifact id: '1ea257129a5b50fd86b2fd0e44966cbf') in 0.013846 seconds 
========================================================================
Received Import Request.
  Time since last request: 0.000023 seconds.
  path: Assets/Voxel Dungeon/prefabs/_base/floor_plate_1_cracked.prefab
  artifactKey: Guid(c6ebbde0f26f7934dadde316c309ffd0) Importer(815301076,1909f56bfc062723c751e8b465ee728b)
Start importing Assets/Voxel Dungeon/prefabs/_base/floor_plate_1_cracked.prefab using Guid(c6ebbde0f26f7934dadde316c309ffd0) Importer(815301076,1909f56bfc062723c751e8b465ee728b)  -> (artifact id: '716cebdf9ea618100cf315f2e64263ad') in 0.018726 seconds 
Editor requested this worker to shutdown with reason: Scaling down because of idle timeout
AssetImportWorker is now disconnected from the server
Process exiting
Exiting without the bug reporter. Application will terminate with return code 0